Unity Editor version:    2020.3.28f1 (f5400f52e03f)
Branch:                  2020.3/staging
Build type:              Release
Batch mode:              YES
macOS version:           Version 12.1 (Build 21C52)
Darwin version:          21.2.0
Architecture:            x86_64
Running under Rosetta:   NO
Available memory:        16384 MB
Using pre-set license
Pro License: NO

COMMAND LINE ARGUMENTS:
/Applications/Unity/Hub/Editor/2020.3.28f1/Unity.app/Contents/MacOS/Unity
-adb2
-batchMode
-noUpm
-name
AssetImportWorker0
-projectPath
/Users/francesc/Desktop/Feinota/2n Curs/SoudDesign II/AA3 SoundDesign II/TareaAA3_SunnyLand_Fork/SunnyLandProject
-logFile
Logs/AssetImportWorker0.log
-srvPort
49404
Successfully changed project path to: /Users/francesc/Desktop/Feinota/2n Curs/SoudDesign II/AA3 SoundDesign II/TareaAA3_SunnyLand_Fork/SunnyLandProject
/Users/francesc/Desktop/Feinota/2n Curs/SoudDesign II/AA3 SoundDesign II/TareaAA3_SunnyLand_Fork/SunnyLandProject
Using Asset Import Pipeline V2.
Refreshing native plugins compatible for Editor in 71.25 ms, found 2 plugins.
Preloading 0 native plugins for Editor in 0.00 ms.
Initialize engine version: 2020.3.28f1 (f5400f52e03f)
[Subsystems] Discovering subsystems at path /Applications/Unity/Hub/Editor/2020.3.28f1/Unity.app/Contents/Resources/UnitySubsystems
[Subsystems] Discovering subsystems at path /Users/francesc/Desktop/Feinota/2n Curs/SoudDesign II/AA3 SoundDesign II/TareaAA3_SunnyLand_Fork/SunnyLandProject/Assets
GfxDevice: creating device client; threaded=0
2022-05-15 12:46:02.145 Unity[1497:25632] LG ULTRAWIDE preferred device: Intel(R) Iris(TM) Plus Graphics 655 (low power)
2022-05-15 12:46:02.145 Unity[1497:25632] Metal devices available: 1
2022-05-15 12:46:02.145 Unity[1497:25632] 0: Intel(R) Iris(TM) Plus Graphics 655 (low power)
2022-05-15 12:46:02.145 Unity[1497:25632] Using device Intel(R) Iris(TM) Plus Graphics 655 (low power)
Initializing Metal device caps: Intel(R) Iris(TM) Plus Graphics 655
Initialize mono
Mono path[0] = '/Applications/Unity/Hub/Editor/2020.3.28f1/Unity.app/Contents/Managed'
Mono path[1] = '/Applications/Unity/Hub/Editor/2020.3.28f1/Unity.app/Contents/MonoBleedingEdge/lib/mono/unityjit'
Mono config path = '/Applications/Unity/Hub/Editor/2020.3.28f1/Unity.app/Contents/MonoBleedingEdge/etc'
Using monoOptions --debugger-agent=transport=dt_socket,embedding=1,server=y,suspend=n,address=127.0.0.1:56497
Begin MonoManager ReloadAssembly
Registering precompiled unity dll's ...
Register platform support module: /Applications/Unity/Hub/Editor/2020.3.28f1/PlaybackEngines/WebGLSupport/UnityEditor.WebGL.Extensions.dll
Register platform support module: /Applications/Unity/Hub/Editor/2020.3.28f1/Unity.app/Contents/PlaybackEngines/MacStandaloneSupport/UnityEditor.OSXStandalone.Extensions.dll
Registered in 0.003889 seconds.
Native extension for OSXStandalone target not found
Native extension for WebGL target not found
Refreshing native plugins compatible for Editor in 47.35 ms, found 2 plugins.
Preloading 0 native plugins for Editor in 0.00 ms.
Mono: successfully reloaded assembly
- Completed reload, in  0.775 seconds
Domain Reload Profiling:
	ReloadAssembly (775ms)
		BeginReloadAssembly (102ms)
			ExecutionOrderSort (0ms)
			DisableScriptedObjects (0ms)
			BackupInstance (0ms)
			ReleaseScriptingObjects (0ms)
			CreateAndSetChildDomain (1ms)
		EndReloadAssembly (588ms)
			LoadAssemblies (105ms)
			RebuildTransferFunctionScriptingTraits (0ms)
			SetupTypeCache (217ms)
			ReleaseScriptCaches (0ms)
			RebuildScriptCaches (44ms)
			SetupLoadedEditorAssemblies (223ms)
				LogAssemblyErrors (0ms)
				InitializePlatformSupportModulesInManaged (6ms)
				SetLoadedEditorAssemblies (0ms)
				RefreshPlugins (47ms)
				BeforeProcessingInitializeOnLoad (12ms)
				ProcessInitializeOnLoadAttributes (122ms)
				ProcessInitializeOnLoadMethodAttributes (35ms)
				AfterProcessingInitializeOnLoad (0ms)
				EditorAssembliesLoaded (0ms)
			ExecutionOrderSort2 (0ms)
			AwakeInstancesAfterBackupRestoration (0ms)
Platform modules already initialized, skipping
Registering precompiled user dll's ...
Registered in 0.014094 seconds.
Begin MonoManager ReloadAssembly
Native extension for OSXStandalone target not found
Native extension for WebGL target not found
Refreshing native plugins compatible for Editor in 0.89 ms, found 2 plugins.
Preloading 0 native plugins for Editor in 0.00 ms.
Mono: successfully reloaded assembly
- Completed reload, in  1.370 seconds
Domain Reload Profiling:
	ReloadAssembly (1371ms)
		BeginReloadAssembly (172ms)
			ExecutionOrderSort (0ms)
			DisableScriptedObjects (6ms)
			BackupInstance (0ms)
			ReleaseScriptingObjects (0ms)
			CreateAndSetChildDomain (26ms)
		EndReloadAssembly (1121ms)
			LoadAssemblies (127ms)
			RebuildTransferFunctionScriptingTraits (0ms)
			SetupTypeCache (416ms)
			ReleaseScriptCaches (0ms)
			RebuildScriptCaches (65ms)
			SetupLoadedEditorAssemblies (387ms)
				LogAssemblyErrors (0ms)
				InitializePlatformSupportModulesInManaged (6ms)
				SetLoadedEditorAssemblies (1ms)
				RefreshPlugins (1ms)
				BeforeProcessingInitializeOnLoad (90ms)
				ProcessInitializeOnLoadAttributes (266ms)
				ProcessInitializeOnLoadMethodAttributes (22ms)
				AfterProcessingInitializeOnLoad (2ms)
				EditorAssembliesLoaded (0ms)
			ExecutionOrderSort2 (0ms)
			AwakeInstancesAfterBackupRestoration (8ms)
Platform modules already initialized, skipping
Validating Project structure ... 0.003313 seconds.
Shader import version has changed; will reimport all shaders...
Upgrading shader files ...0.003747 seconds.
Application.AssetDatabase Initial Script Refresh Start
RefreshInfo: InitialScriptRefreshV2(NoUpdateAssetOptions) scanfilter:  ... 1 filters
RefreshProfiler: Total: 0.000ms
Application.AssetDatabase Initial Script Refresh End
Application.AssetDatabase.Refresh Start
Application.AssetDatabase.Refresh End
RefreshInfo: StopAssetImportingV2(ForceSynchronousImport) scanfilter: 
RefreshProfiler: Total: 0.000ms
Launching external process: /Applications/Unity/Hub/Editor/2020.3.28f1/Unity.app/Contents/Tools/UnityShaderCompiler
Launched and connected shader compiler UnityShaderCompiler after 0.02 seconds
Initializing Unity extensions:
2022-05-15 12:46:05.811 Unity[1497:25632] NSEventModifierFlagFunction specified to -setKeyEquivalentModifierMask: for item <NSMenuItem: 0x600003b55ea0 Font Asset, ke='Command-F12'>, but is only supported for system-provided menu items; will not be used
2022-05-15 12:46:05.815 Unity[1497:25632] NSEventModifierFlagFunction specified to -setKeyEquivalentModifierMask: for item <NSMenuItem: 0x600003b40cb0 Font Asset, ke='Command-F12'>, but is only supported for system-provided menu items; will not be used
========================================================================
Worker process is ready to serve import requests
Refreshing native plugins compatible for Editor in 0.59 ms, found 2 plugins.
Preloading 0 native plugins for Editor in 0.00 ms.
Unloading 1946 Unused Serialized files (Serialized files now loaded: 0)
System memory in use before: 196.4 MB.
System memory in use after: 195.5 MB.

Unloading 145 unused Assets to reduce memory usage. Loaded Objects now: 2391.
Total: 3.692720 ms (FindLiveObjects: 0.136051 ms CreateObjectMapping: 0.098126 ms MarkObjects: 2.956675 ms  DeleteObjects: 0.501080 ms)

AssetImportParameters requested are different than current active one (requested -> active):
  custom:video-decoder-ogg-theora: a1e56fd34408186e4bbccfd4996cb3dc -> 
  custom:container-muxer-webm: aa71ff27fc2769a1b78a27578f13a17b -> 
  custom:container-demuxer-webm: 4f35f7cbe854078d1ac9338744f61a02 -> 
  custom:container-demuxer-ogg: 62fdf1f143b41e24485cea50d1cbac27 -> 
  custom:video-encoder-webm-vp8: eb34c28f22e8b96e1ab97ce403110664 -> 
  custom:framework-osx-AVFoundation: e770b220cccbd017edd2c1fefb359320 -> 
  custom:video-decoder-webm-vp8: 9c59270c3fd7afecdb556c50c9e8de78 -> 
  custom:audio-decoder-ogg-vorbis: bf7c407c2cedff20999df2af8eb42d56 -> 
  custom:audio-encoder-webm-vorbis: bf7c407c2cedff20999df2af8eb42d56 -> 
========================================================================
Received Import Request.
  path: Assets/Audio/wood_impact.ogg
  artifactKey: Guid(f1d38195f18cf46f8808020551df06a6) Importer(815301076,1909f56bfc062723c751e8b465ee728b)
Start importing Assets/Audio/wood_impact.ogg using Guid(f1d38195f18cf46f8808020551df06a6) Importer(815301076,1909f56bfc062723c751e8b465ee728b)  -> (artifact id: '1b4eb99452114b5e55c33a298edcea4e') in 0.475408 seconds 
  Import took 0.481522 seconds .

========================================================================
Received Import Request.
  Time since last request: 0.000263 seconds.
  path: Assets/Audio/land.ogg
  artifactKey: Guid(e3747c06e62f344af914b190eb91ded3) Importer(815301076,1909f56bfc062723c751e8b465ee728b)
Start importing Assets/Audio/land.ogg using Guid(e3747c06e62f344af914b190eb91ded3) Importer(815301076,1909f56bfc062723c751e8b465ee728b)  -> (artifact id: '880beff8309392729eae1ea22bcf8b0f') in 0.007549 seconds 
  Import took 0.010958 seconds .

========================================================================
Received Import Request.
  Time since last request: 0.000163 seconds.
  path: Assets/Audio/jump.ogg
  artifactKey: Guid(a69a408f11446430c93937fda02da0c0) Importer(815301076,1909f56bfc062723c751e8b465ee728b)
Start importing Assets/Audio/jump.ogg using Guid(a69a408f11446430c93937fda02da0c0) Importer(815301076,1909f56bfc062723c751e8b465ee728b)  -> (artifact id: 'a43b65d43521191ef8bd3b2b50b17261') in 0.007486 seconds 
  Import took 0.010466 seconds .

========================================================================
Received Import Request.
  Time since last request: 0.000167 seconds.
  path: Assets/Audio/background.ogg
  artifactKey: Guid(b98bcc948546947c2bd410ee72435203) Importer(815301076,1909f56bfc062723c751e8b465ee728b)
Start importing Assets/Audio/background.ogg using Guid(b98bcc948546947c2bd410ee72435203) Importer(815301076,1909f56bfc062723c751e8b465ee728b)  -> (artifact id: '7a191759708d9fd24149ce9d7c454384') in 0.010379 seconds 
  Import took 0.014358 seconds .

========================================================================
Received Import Request.
  Time since last request: 0.000242 seconds.
  path: Assets/Audio/wood_rumble.ogg
  artifactKey: Guid(93f15edaa0c104a7190b41025779b3dd) Importer(815301076,1909f56bfc062723c751e8b465ee728b)
Start importing Assets/Audio/wood_rumble.ogg using Guid(93f15edaa0c104a7190b41025779b3dd) Importer(815301076,1909f56bfc062723c751e8b465ee728b)  -> (artifact id: 'f715875f8fa1f2b88cfb35ab67af1031') in 0.006820 seconds 
  Import took 0.010536 seconds .

========================================================================
Received Import Request.
  Time since last request: 0.000214 seconds.
  path: Assets/Audio/cherry.ogg
  artifactKey: Guid(d94f8e00169d948929bd5e542c07431c) Importer(815301076,1909f56bfc062723c751e8b465ee728b)
Start importing Assets/Audio/cherry.ogg using Guid(d94f8e00169d948929bd5e542c07431c) Importer(815301076,1909f56bfc062723c751e8b465ee728b)  -> (artifact id: '49f494c4414cff4825dfbf9cfc5ed19a') in 0.006259 seconds 
  Import took 0.010061 seconds .

========================================================================
Received Import Request.
  Time since last request: 0.000231 seconds.
  path: Assets/Audio/crouch.ogg
  artifactKey: Guid(7012c0f7d7dd04395b23f603995b0a29) Importer(815301076,1909f56bfc062723c751e8b465ee728b)
Start importing Assets/Audio/crouch.ogg using Guid(7012c0f7d7dd04395b23f603995b0a29) Importer(815301076,1909f56bfc062723c751e8b465ee728b)  -> (artifact id: '13fd80e020fc2d663da77e980010874f') in 0.006306 seconds 
  Import took 0.009959 seconds .

========================================================================
Received Import Request.
  Time since last request: 0.000214 seconds.
  path: Assets/Audio/footsteps.ogg
  artifactKey: Guid(9bf56d924aee241bd888ebf87faa34d5) Importer(815301076,1909f56bfc062723c751e8b465ee728b)
Start importing Assets/Audio/footsteps.ogg using Guid(9bf56d924aee241bd888ebf87faa34d5) Importer(815301076,1909f56bfc062723c751e8b465ee728b)  -> (artifact id: '142e938e510795ce8363afe503e010a6') in 0.024016 seconds 
  Import took 0.026577 seconds .

========================================================================
Received Import Request.
  Time since last request: 263.361751 seconds.
  path: Assets/Audio/land.ogg
  artifactKey: Guid(a69a408f11446430c93937fda02da0c0) Importer(815301076,1909f56bfc062723c751e8b465ee728b)
Start importing Assets/Audio/land.ogg using Guid(a69a408f11446430c93937fda02da0c0) Importer(815301076,1909f56bfc062723c751e8b465ee728b)  -> (artifact id: 'c4b4760b1afffe317f29432c10d7c3ea') in 0.007519 seconds 
  Import took 0.011455 seconds .

========================================================================
Received Import Request.
  Time since last request: 6.224973 seconds.
  path: Assets/Audio/jump.wav
  artifactKey: Guid(7e7a9d3b408c94482b925744827d5bee) Importer(815301076,1909f56bfc062723c751e8b465ee728b)
Start importing Assets/Audio/jump.wav using Guid(7e7a9d3b408c94482b925744827d5bee) Importer(815301076,1909f56bfc062723c751e8b465ee728b)  -> (artifact id: '20b86ce4aa9d255bba3ddec238a19081') in 0.812532 seconds 
  Import took 0.820064 seconds .

========================================================================
Received Import Request.
  Time since last request: 805.066985 seconds.
  path: Assets/Scripts/CharacterController2D.cs
  artifactKey: Guid(d08f91df3bd212f429df17f53ce2f364) Importer(815301076,1909f56bfc062723c751e8b465ee728b)
Start importing Assets/Scripts/CharacterController2D.cs using Guid(d08f91df3bd212f429df17f53ce2f364) Importer(815301076,1909f56bfc062723c751e8b465ee728b)  -> (artifact id: '0b499143cd6730e0d494ccd30cba5ef3') in 0.263938 seconds 
  Import took 0.271102 seconds .

========================================================================
Received Import Request.
  Time since last request: 6.887961 seconds.
  path: Assets/Scripts/PlayerMovement.cs
  artifactKey: Guid(e5273cd41ac3c5246965ef9469d10dd7) Importer(815301076,1909f56bfc062723c751e8b465ee728b)
Start importing Assets/Scripts/PlayerMovement.cs using Guid(e5273cd41ac3c5246965ef9469d10dd7) Importer(815301076,1909f56bfc062723c751e8b465ee728b)  -> (artifact id: '9fed6963522247643a9724189f9fec40') in 0.001851 seconds 
  Import took 0.005029 seconds .

AssetImportWorkerClient::OnTransportError - code=2 error=End of file
